Using pre-set license
Built from '6000.0/staging' branch; Version is '6000.0.26f1 (ccb7c73d2c02) revision 13416391'; Using compiler version '193933523'; Build Type 'Release'
OS: 'Windows 11  (10.0.22631) 64bit Professional' Language: 'en' Physical Memory: 32701 MB
BatchMode: 1, IsHumanControllingUs: 0, StartBugReporterOnCrash: 0, Is64bit: 1, IsPro: 1

COMMAND LINE ARGUMENTS:
C:\Program Files\Unity\Hub\Editor\6000.0.26f1\Editor\Unity.exe
-adb2
-batchMode
-noUpm
-name
AssetImportWorker2
-projectPath
C:/Users/user/Desktop/Unity Projects/MS-Project/MS Project
-logFile
Logs/AssetImportWorker2.log
-srvPort
51157
-job-worker-count
5
-background-job-worker-count
8
-asset-garbage-collectors
1
Successfully changed project path to: C:/Users/user/Desktop/Unity Projects/MS-Project/MS Project
C:/Users/user/Desktop/Unity Projects/MS-Project/MS Project
[UnityMemory] Configuration Parameters - Can be set up in boot.config
    "memorysetup-bucket-allocator-granularity=16"
    "memorysetup-bucket-allocator-bucket-count=8"
    "memorysetup-bucket-allocator-block-size=33554432"
    "memorysetup-bucket-allocator-block-count=8"
    "memorysetup-main-allocator-block-size=16777216"
    "memorysetup-thread-allocator-block-size=16777216"
    "memorysetup-gfx-main-allocator-block-size=16777216"
    "memorysetup-gfx-thread-allocator-block-size=16777216"
    "memorysetup-cache-allocator-block-size=4194304"
    "memorysetup-typetree-allocator-block-size=2097152"
    "memorysetup-profiler-bucket-allocator-granularity=16"
    "memorysetup-profiler-bucket-allocator-bucket-count=8"
    "memorysetup-profiler-bucket-allocator-block-size=33554432"
    "memorysetup-profiler-bucket-allocator-block-count=8"
    "memorysetup-profiler-allocator-block-size=16777216"
    "memorysetup-profiler-editor-allocator-block-size=1048576"
    "memorysetup-temp-allocator-size-main=16777216"
    "memorysetup-job-temp-allocator-block-size=2097152"
    "memorysetup-job-temp-allocator-block-size-background=1048576"
    "memorysetup-job-temp-allocator-reduction-small-platforms=262144"
    "memorysetup-allocator-temp-initial-block-size-main=262144"
    "memorysetup-allocator-temp-initial-block-size-worker=262144"
    "memorysetup-temp-allocator-size-background-worker=32768"
    "memorysetup-temp-allocator-size-job-worker=262144"
    "memorysetup-temp-allocator-size-preload-manager=33554432"
    "memorysetup-temp-allocator-size-nav-mesh-worker=65536"
    "memorysetup-temp-allocator-size-audio-worker=65536"
    "memorysetup-temp-allocator-size-cloud-worker=32768"
    "memorysetup-temp-allocator-size-gi-baking-worker=262144"
    "memorysetup-temp-allocator-size-gi-baking-worker=262144"
    "memorysetup-temp-allocator-size-gi-baking-worker=262144"
    "memorysetup-temp-allocator-size-gi-baking-worker=262144"
    "memorysetup-temp-allocator-size-gi-baking-worker=262144"
    "memorysetup-temp-allocator-size-gfx=262144"
Player connection [14512]  Target information:

Player connection [14512]  * "[IP] 192.168.1.2 [Port] 0 [Flags] 2 [Guid] 2440040211 [EditorId] 2440040211 [Version] 1048832 [Id] WindowsEditor(7,v) [Debug] 1 [PackageName] WindowsEditor [ProjectName] Editor" 

Player connection [14512]  * "[IP] 10.14.0.2 [Port] 0 [Flags] 2 [Guid] 2440040211 [EditorId] 2440040211 [Version] 1048832 [Id] WindowsEditor(7,v) [Debug] 1 [PackageName] WindowsEditor [ProjectName] Editor" 

Player connection [14512] Host joined multi-casting on [225.0.0.222:54997]...
Player connection [14512] Host joined alternative multi-casting on [225.0.0.222:34997]...
JobSystem: Creating JobQueue using job-worker-count value 5
[Physics::Module] Initialized fallback backend.
[Physics::Module] Id: 0xdecafbad
Library Redirect Path: Library/
[Physics::Module] Selected backend.
[Physics::Module] Name: PhysX
[Physics::Module] Id: 0xf2b8ea05
[Physics::Module] SDK Version: 4.1.2
[Physics::Module] Integration Version: 1.0.0
[Physics::Module] Threading Mode: Multi-Threaded
Refreshing native plugins compatible for Editor in 2.64 ms, found 3 plugins.
Preloading 0 native plugins for Editor in 0.00 ms.
Initialize engine version: 6000.0.26f1 (ccb7c73d2c02)
[Subsystems] Discovering subsystems at path C:/Program Files/Unity/Hub/Editor/6000.0.26f1/Editor/Data/Resources/UnitySubsystems
[Subsystems] Discovering subsystems at path C:/Users/user/Desktop/Unity Projects/MS-Project/MS Project/Assets
GfxDevice: creating device client; kGfxThreadingModeNonThreaded
Direct3D:
    Version:  Direct3D 11.0 [level 11.1]
    Renderer: NVIDIA GeForce RTX 3060 (ID=0x2504)
    Vendor:   NVIDIA
    VRAM:     12115 MB
    Driver:   32.0.15.6636
Initialize mono
Mono path[0] = 'C:/Program Files/Unity/Hub/Editor/6000.0.26f1/Editor/Data/Managed'
Mono path[1] = 'C:/Program Files/Unity/Hub/Editor/6000.0.26f1/Editor/Data/MonoBleedingEdge/lib/mono/unityjit-win32'
Mono config path = 'C:/Program Files/Unity/Hub/Editor/6000.0.26f1/Editor/Data/MonoBleedingEdge/etc'
Using monoOptions --debugger-agent=transport=dt_socket,embedding=1,server=y,suspend=n,address=127.0.0.1:56428
Begin MonoManager ReloadAssembly
Registering precompiled unity dll's ...
Register platform support module: C:/Program Files/Unity/Hub/Editor/6000.0.26f1/Editor/Data/PlaybackEngines/WindowsStandaloneSupport/UnityEditor.WindowsStandalone.Extensions.dll
Registered in 0.004142 seconds.
- Loaded All Assemblies, in  0.483 seconds
Native extension for WindowsStandalone target not found
Mono: successfully reloaded assembly
- Finished resetting the current domain, in  0.491 seconds
Domain Reload Profiling: 968ms
	BeginReloadAssembly (167ms)
		ExecutionOrderSort (0ms)
		DisableScriptedObjects (0ms)
		BackupInstance (0ms)
		ReleaseScriptingObjects (0ms)
		CreateAndSetChildDomain (1ms)
	RebuildCommonClasses (45ms)
	RebuildNativeTypeToScriptingClass (15ms)
	initialDomainReloadingComplete (59ms)
	LoadAllAssembliesAndSetupDomain (191ms)
		LoadAssemblies (162ms)
		RebuildTransferFunctionScriptingTraits (0ms)
		AnalyzeDomain (186ms)
			TypeCache.Refresh (185ms)
				TypeCache.ScanAssembly (169ms)
			BuildScriptInfoCaches (0ms)
			ResolveRequiredComponents (1ms)
	FinalizeReload (491ms)
		ReleaseScriptCaches (0ms)
		RebuildScriptCaches (0ms)
		SetupLoadedEditorAssemblies (411ms)
			LogAssemblyErrors (0ms)
			InitializePlatformSupportModulesInManaged (32ms)
			SetLoadedEditorAssemblies (6ms)
			BeforeProcessingInitializeOnLoad (7ms)
			ProcessInitializeOnLoadAttributes (268ms)
			ProcessInitializeOnLoadMethodAttributes (94ms)
			AfterProcessingInitializeOnLoad (4ms)
			EditorAssembliesLoaded (0ms)
		ExecutionOrderSort2 (0ms)
		AwakeInstancesAfterBackupRestoration (0ms)
========================================================================
Worker process is ready to serve import requests
Import Worker Mode flag is 0x00
Begin MonoManager ReloadAssembly
- Loaded All Assemblies, in  1.638 seconds
Refreshing native plugins compatible for Editor in 1.47 ms, found 3 plugins.
Unable to parse file Assets/Settings/PC_Renderer.asset: [Parser Failure at line 94: Expected closing '}']
Native extension for WindowsStandalone target not found
System.Exception: Error! Visual Scripting: couldn't find visual scripting package
  at Unity.VisualScripting.PackageVersionUtility.get_version () [0x00043] in .\Library\PackageCache\com.unity.visualscripting\Editor\VisualScripting.Core\Utilities\PackageVersionUtility.cs:31 
  at Unity.VisualScripting.BoltCoreManifest.get_version () [0x00000] in .\Library\PackageCache\com.unity.visualscripting\Editor\VisualScripting.Core\Plugin\BoltCoreManifest.cs:11 
  at Unity.VisualScripting.PluginManifest.get_currentVersion () [0x00000] in .\Library\PackageCache\com.unity.visualscripting\Editor\VisualScripting.Core\Plugins\PluginManifest.cs:33 
  at Unity.VisualScripting.PluginManifest.get_versionMismatch () [0x00000] in .\Library\PackageCache\com.unity.visualscripting\Editor\VisualScripting.Core\Plugins\PluginManifest.cs:48 
  at Unity.VisualScripting.PluginContainer.Initialize () [0x00525] in .\Library\PackageCache\com.unity.visualscripting\Editor\VisualScripting.Core\Plugins\PluginContainer.cs:208 
  at Unity.VisualScripting.PluginContainer.InitializeOnLoad () [0x00009] in .\Library\PackageCache\com.unity.visualscripting\Editor\VisualScripting.Core\Plugins\PluginContainer.cs:32 
  at Unity.VisualScripting.VSUsageUtility.DoInitializeOnLoadCalls () [0x00034] in .\Library\PackageCache\com.unity.visualscripting\Editor\VisualScripting.Core\Utilities\VSUsageUtility.cs:76 
  at Unity.VisualScripting.VSUsageUtility.set_isVisualScriptingUsed (System.Boolean value) [0x0002c] in .\Library\PackageCache\com.unity.visualscripting\Editor\VisualScripting.Core\Utilities\VSUsageUtility.cs:114 
  at Unity.VisualScripting.VSUsageUtility.CheckAndSetIsVisualScriptingUsed () [0x00032] in .\Library\PackageCache\com.unity.visualscripting\Editor\VisualScripting.Core\Utilities\VSUsageUtility.cs:48 
  at Unity.VisualScripting.VSUsageUtility..cctor () [0x00000] in .\Library\PackageCache\com.unity.visualscripting\Editor\VisualScripting.Core\Utilities\VSUsageUtility.cs:22 
UnityEngine.Debug:ExtractStackTraceNoAlloc (byte*,int,string)
UnityEngine.StackTraceUtility:ExtractStackTrace ()
UnityEngine.DebugLogHandler:Internal_Log (UnityEngine.LogType,UnityEngine.LogOption,string,UnityEngine.Object)
UnityEngine.DebugLogHandler:LogFormat (UnityEngine.LogType,UnityEngine.Object,string,object[])
UnityEngine.Logger:Log (UnityEngine.LogType,object)
UnityEngine.Debug:LogError (object)
UnityEditor.EditorAssemblies:ProcessInitializeOnLoadAttributes (System.Type[])

Mono: successfully reloaded assembly
- Finished resetting the current domain, in  2.623 seconds
Domain Reload Profiling: 4250ms
	BeginReloadAssembly (605ms)
		ExecutionOrderSort (0ms)
		DisableScriptedObjects (7ms)
		BackupInstance (0ms)
		ReleaseScriptingObjects (0ms)
		CreateAndSetChildDomain (36ms)
	RebuildCommonClasses (46ms)
	RebuildNativeTypeToScriptingClass (16ms)
	initialDomainReloadingComplete (50ms)
	LoadAllAssembliesAndSetupDomain (910ms)
		LoadAssemblies (548ms)
		RebuildTransferFunctionScriptingTraits (0ms)
		AnalyzeDomain (495ms)
			TypeCache.Refresh (338ms)
				TypeCache.ScanAssembly (314ms)
			BuildScriptInfoCaches (132ms)
			ResolveRequiredComponents (20ms)
	FinalizeReload (2623ms)
		ReleaseScriptCaches (0ms)
		RebuildScriptCaches (0ms)
		SetupLoadedEditorAssemblies (2270ms)
			LogAssemblyErrors (0ms)
			InitializePlatformSupportModulesInManaged (2ms)
			SetLoadedEditorAssemblies (7ms)
			BeforeProcessingInitializeOnLoad (135ms)
			ProcessInitializeOnLoadAttributes (1354ms)
			ProcessInitializeOnLoadMethodAttributes (760ms)
			AfterProcessingInitializeOnLoad (11ms)
			EditorAssembliesLoaded (0ms)
		ExecutionOrderSort2 (0ms)
		AwakeInstancesAfterBackupRestoration (9ms)
Launched and connected shader compiler UnityShaderCompiler.exe after 0.01 seconds
Refreshing native plugins compatible for Editor in 1.48 ms, found 3 plugins.
Preloading 0 native plugins for Editor in 0.00 ms.
Unloading 360 Unused Serialized files (Serialized files now loaded: 0)
Unloading 11826 unused Assets / (10.7 MB). Loaded Objects now: 12724.
Memory consumption went from 326.4 MB to 315.7 MB.
Total: 31.517000 ms (FindLiveObjects: 1.749000 ms CreateObjectMapping: 3.364300 ms MarkObjects: 20.441000 ms  DeleteObjects: 5.961500 ms)

========================================================================
Received Import Request.
  Time since last request: 113283.873182 seconds.
  path: Assets/Packages/Game Makers Sound Effects Kit Part 1/Fantasy Game/Elemental_Magic/Fantasy_Game_Magic_Earth_Spell_A.wav
  artifactKey: Guid(611348733e69248c1871e3395fe01c5f) Importer(815301076,1909f56bfc062723c751e8b465ee728b)
Start importing Assets/Packages/Game Makers Sound Effects Kit Part 1/Fantasy Game/Elemental_Magic/Fantasy_Game_Magic_Earth_Spell_A.wav using Guid(611348733e69248c1871e3395fe01c5f) Importer(815301076,1909f56bfc062723c751e8b465ee728b) (PreviewImporter) -> (artifact id: '3ae6430bbf7148478ffe9fdca47b4d36') in 0.1016026 seconds
Number of updated asset objects reloaded before import = 0Number of asset objects unloaded after import = 2

========================================================================
Received Import Request.
  Time since last request: 0.000020 seconds.
  path: Assets/Packages/Game Makers Sound Effects Kit Part 1/Fantasy Game/Elemental_Magic/Fantasy_Game_Magic_Fire_Long_Cast_Spell_A.wav
  artifactKey: Guid(c45704ad9d3fa45fbb8fbc8b5f01fe58) Importer(815301076,1909f56bfc062723c751e8b465ee728b)
Start importing Assets/Packages/Game Makers Sound Effects Kit Part 1/Fantasy Game/Elemental_Magic/Fantasy_Game_Magic_Fire_Long_Cast_Spell_A.wav using Guid(c45704ad9d3fa45fbb8fbc8b5f01fe58) Importer(815301076,1909f56bfc062723c751e8b465ee728b) (PreviewImporter) -> (artifact id: '75f2c4c4695422e46d04c8f2816e5693') in 0.0120604 seconds
Number of updated asset objects reloaded before import = 0Number of asset objects unloaded after import = 2

========================================================================
Received Import Request.
  Time since last request: 0.000031 seconds.
  path: Assets/Packages/Game Makers Sound Effects Kit Part 1/Fantasy Game/Elemental_Magic/Fantasy_Game_Magic_Fire_Spell_A.wav
  artifactKey: Guid(122b990fc64044ae3926f74e1d470fe6) Importer(815301076,1909f56bfc062723c751e8b465ee728b)
Start importing Assets/Packages/Game Makers Sound Effects Kit Part 1/Fantasy Game/Elemental_Magic/Fantasy_Game_Magic_Fire_Spell_A.wav using Guid(122b990fc64044ae3926f74e1d470fe6) Importer(815301076,1909f56bfc062723c751e8b465ee728b) (PreviewImporter) -> (artifact id: '2b0264851ebd56daf07ba7baf49e40b7') in 0.0135299 seconds
Number of updated asset objects reloaded before import = 0Number of asset objects unloaded after import = 2

========================================================================
Received Import Request.
  Time since last request: 0.000022 seconds.
  path: Assets/Packages/Game Makers Sound Effects Kit Part 1/Fantasy Game/Elemental_Magic/Fantasy_Game_Magic_Felflame_4.wav
  artifactKey: Guid(af46dfbed18cf4a6a94d582227a4d61a) Importer(815301076,1909f56bfc062723c751e8b465ee728b)
Start importing Assets/Packages/Game Makers Sound Effects Kit Part 1/Fantasy Game/Elemental_Magic/Fantasy_Game_Magic_Felflame_4.wav using Guid(af46dfbed18cf4a6a94d582227a4d61a) Importer(815301076,1909f56bfc062723c751e8b465ee728b) (PreviewImporter) -> (artifact id: '2563cca9d59b7b6ec34ace5a78b6f49a') in 0.0144652 seconds
Number of updated asset objects reloaded before import = 0Number of asset objects unloaded after import = 2

========================================================================
Received Import Request.
  Time since last request: 0.000017 seconds.
  path: Assets/Packages/Game Makers Sound Effects Kit Part 1/Fantasy Game/Elemental_Magic/Fantasy_Game_Magic_Felflame_3.wav
  artifactKey: Guid(469d524213af5498a899751b709f67c0) Importer(815301076,1909f56bfc062723c751e8b465ee728b)
Start importing Assets/Packages/Game Makers Sound Effects Kit Part 1/Fantasy Game/Elemental_Magic/Fantasy_Game_Magic_Felflame_3.wav using Guid(469d524213af5498a899751b709f67c0) Importer(815301076,1909f56bfc062723c751e8b465ee728b) (PreviewImporter) -> (artifact id: 'c537d0ec1f511e08184a2a46c3a145a1') in 0.0073268 seconds
Number of updated asset objects reloaded before import = 0Number of asset objects unloaded after import = 2

========================================================================
Received Import Request.
  Time since last request: 0.000017 seconds.
  path: Assets/Packages/Game Makers Sound Effects Kit Part 1/Fantasy Game/Elemental_Magic/Fantasy_Game_Magic_Fairy_Dust_A.wav
  artifactKey: Guid(de0d79b4bcb3144ea83937888f837a81) Importer(815301076,1909f56bfc062723c751e8b465ee728b)
Start importing Assets/Packages/Game Makers Sound Effects Kit Part 1/Fantasy Game/Elemental_Magic/Fantasy_Game_Magic_Fairy_Dust_A.wav using Guid(de0d79b4bcb3144ea83937888f837a81) Importer(815301076,1909f56bfc062723c751e8b465ee728b) (PreviewImporter) -> (artifact id: '3b56e1c0244a37762e24a7b3f57bc228') in 0.015865 seconds
Number of updated asset objects reloaded before import = 0Number of asset objects unloaded after import = 2

========================================================================
Received Import Request.
  Time since last request: 0.000023 seconds.
  path: Assets/Packages/Game Makers Sound Effects Kit Part 1/Fantasy Game/Elemental_Magic/Fantasy_Game_Magic_Fairy_Dust_C.wav
  artifactKey: Guid(04529ae694b5944a1ba5d67d46ceee74) Importer(815301076,1909f56bfc062723c751e8b465ee728b)
Start importing Assets/Packages/Game Makers Sound Effects Kit Part 1/Fantasy Game/Elemental_Magic/Fantasy_Game_Magic_Fairy_Dust_C.wav using Guid(04529ae694b5944a1ba5d67d46ceee74) Importer(815301076,1909f56bfc062723c751e8b465ee728b) (PreviewImporter) -> (artifact id: 'f4c590ce63d07ff8bb9ada5e7c35ecef') in 0.0133968 seconds
Number of updated asset objects reloaded before import = 0Number of asset objects unloaded after import = 2

========================================================================
Received Import Request.
  Time since last request: 8.953928 seconds.
  path: Assets/Plugins/GameCreator/Installs/Shooter.Weapons@1.0.2/Audio/AK_Shot.wav
  artifactKey: Guid(ba403015f12034633a4a4bf5e1a1a5d2) Importer(815301076,1909f56bfc062723c751e8b465ee728b)
Start importing Assets/Plugins/GameCreator/Installs/Shooter.Weapons@1.0.2/Audio/AK_Shot.wav using Guid(ba403015f12034633a4a4bf5e1a1a5d2) Importer(815301076,1909f56bfc062723c751e8b465ee728b) (PreviewImporter) -> (artifact id: '7b7612d99c712b8d5ef41dbb5a9c6510') in 0.0125429 seconds
Number of updated asset objects reloaded before import = 0Number of asset objects unloaded after import = 2

========================================================================
Received Import Request.
  Time since last request: 0.000019 seconds.
  path: Assets/Plugins/GameCreator/Installs/Shooter.Weapons@1.0.2/Audio/Bow_Shot.wav
  artifactKey: Guid(57d1a1fe6a9514708b4b6d4b12f14411) Importer(815301076,1909f56bfc062723c751e8b465ee728b)
Start importing Assets/Plugins/GameCreator/Installs/Shooter.Weapons@1.0.2/Audio/Bow_Shot.wav using Guid(57d1a1fe6a9514708b4b6d4b12f14411) Importer(815301076,1909f56bfc062723c751e8b465ee728b) (PreviewImporter) -> (artifact id: '0e9674c1c25f67eaecc62238c5332587') in 0.0115125 seconds
Number of updated asset objects reloaded before import = 0Number of asset objects unloaded after import = 2

========================================================================
Received Import Request.
  Time since last request: 0.000026 seconds.
  path: Assets/Plugins/GameCreator/Installs/Shooter.Weapons@1.0.2/Audio/Gun_Unlock.wav
  artifactKey: Guid(a6ffc6fab39fb4ae0b02999ab085f3ac) Importer(815301076,1909f56bfc062723c751e8b465ee728b)
Start importing Assets/Plugins/GameCreator/Installs/Shooter.Weapons@1.0.2/Audio/Gun_Unlock.wav using Guid(a6ffc6fab39fb4ae0b02999ab085f3ac) Importer(815301076,1909f56bfc062723c751e8b465ee728b) (PreviewImporter) -> (artifact id: '36e1656d00febb3ea62ac144d63f7112') in 0.014393 seconds
Number of updated asset objects reloaded before import = 0Number of asset objects unloaded after import = 2

========================================================================
Received Import Request.
  Time since last request: 0.000023 seconds.
  path: Assets/Plugins/GameCreator/Installs/Shooter.Weapons@1.0.2/Audio/Revolver_Shot.wav
  artifactKey: Guid(6c22694c3160b48c1be8bd368c438580) Importer(815301076,1909f56bfc062723c751e8b465ee728b)
Start importing Assets/Plugins/GameCreator/Installs/Shooter.Weapons@1.0.2/Audio/Revolver_Shot.wav using Guid(6c22694c3160b48c1be8bd368c438580) Importer(815301076,1909f56bfc062723c751e8b465ee728b) (PreviewImporter) -> (artifact id: '7298102383b54e3fb57b872f209f0386') in 0.0134251 seconds
Number of updated asset objects reloaded before import = 0Number of asset objects unloaded after import = 2

========================================================================
Received Import Request.
  Time since last request: 0.000029 seconds.
  path: Assets/Plugins/GameCreator/Installs/Shooter.Weapons@1.0.2/Audio/Minigun_Shot.wav
  artifactKey: Guid(185d131d474fd45c78c08ad832ed5772) Importer(815301076,1909f56bfc062723c751e8b465ee728b)
Start importing Assets/Plugins/GameCreator/Installs/Shooter.Weapons@1.0.2/Audio/Minigun_Shot.wav using Guid(185d131d474fd45c78c08ad832ed5772) Importer(815301076,1909f56bfc062723c751e8b465ee728b) (PreviewImporter) -> (artifact id: '10bb1260344d181c988192d5e164b305') in 0.0064927 seconds
Number of updated asset objects reloaded before import = 0Number of asset objects unloaded after import = 2

========================================================================
Received Import Request.
  Time since last request: 0.000022 seconds.
  path: Assets/Plugins/GameCreator/Installs/Shooter.Weapons@1.0.2/Audio/Flamethrower_Gas.wav
  artifactKey: Guid(39650b667ba3f4d3684187b203447f5e) Importer(815301076,1909f56bfc062723c751e8b465ee728b)
Start importing Assets/Plugins/GameCreator/Installs/Shooter.Weapons@1.0.2/Audio/Flamethrower_Gas.wav using Guid(39650b667ba3f4d3684187b203447f5e) Importer(815301076,1909f56bfc062723c751e8b465ee728b) (PreviewImporter) -> (artifact id: '0b36f1095cde9f6af7eb81e94e920936') in 0.0144517 seconds
Number of updated asset objects reloaded before import = 0Number of asset objects unloaded after import = 2

========================================================================
Received Import Request.
  Time since last request: 0.000019 seconds.
  path: Assets/Plugins/GameCreator/Installs/Shooter.Weapons@1.0.2/Audio/Gun_Magazine.wav
  artifactKey: Guid(b93250025ac034b578ef38d45e4bbf94) Importer(815301076,1909f56bfc062723c751e8b465ee728b)
Start importing Assets/Plugins/GameCreator/Installs/Shooter.Weapons@1.0.2/Audio/Gun_Magazine.wav using Guid(b93250025ac034b578ef38d45e4bbf94) Importer(815301076,1909f56bfc062723c751e8b465ee728b) (PreviewImporter) -> (artifact id: '3dd71ee2a1b4357821c4a405817d775d') in 0.012827 seconds
Number of updated asset objects reloaded before import = 0Number of asset objects unloaded after import = 2

========================================================================
Received Import Request.
  Time since last request: 0.000023 seconds.
  path: Assets/Plugins/GameCreator/Installs/Shooter.Weapons@1.0.2/Audio/Minigun_Motor.wav
  artifactKey: Guid(516ec6dd05b3c46d5954899fe741c8ea) Importer(815301076,1909f56bfc062723c751e8b465ee728b)
Start importing Assets/Plugins/GameCreator/Installs/Shooter.Weapons@1.0.2/Audio/Minigun_Motor.wav using Guid(516ec6dd05b3c46d5954899fe741c8ea) Importer(815301076,1909f56bfc062723c751e8b465ee728b) (PreviewImporter) -> (artifact id: '7065f4629b69dbc229e92334f9e06fcc') in 0.0123422 seconds
Number of updated asset objects reloaded before import = 0Number of asset objects unloaded after import = 2

========================================================================
Received Import Request.
  Time since last request: 0.000032 seconds.
  path: Assets/Plugins/GameCreator/Installs/Shooter.Weapons@1.0.2/Audio/Gun_Jam.wav
  artifactKey: Guid(30eff5dbedff24e6ea13fb86c8d33c38) Importer(815301076,1909f56bfc062723c751e8b465ee728b)
Start importing Assets/Plugins/GameCreator/Installs/Shooter.Weapons@1.0.2/Audio/Gun_Jam.wav using Guid(30eff5dbedff24e6ea13fb86c8d33c38) Importer(815301076,1909f56bfc062723c751e8b465ee728b) (PreviewImporter) -> (artifact id: 'd9761e35b70b7ebcaf45646aa0c915be') in 0.0116783 seconds
Number of updated asset objects reloaded before import = 0Number of asset objects unloaded after import = 2

========================================================================
Received Import Request.
  Time since last request: 14.903852 seconds.
  path: Assets/My Stuff/Decree Dialogue.asset
  artifactKey: Guid(53e6672ad2f2742419a651d1c0e4044a) Importer(815301076,1909f56bfc062723c751e8b465ee728b)
Start importing Assets/My Stuff/Decree Dialogue.asset using Guid(53e6672ad2f2742419a651d1c0e4044a) Importer(815301076,1909f56bfc062723c751e8b465ee728b) (PreviewImporter) -> (artifact id: '86d8ebd2a5cd8aa2218d851625efc810') in 0.0603564 seconds
Number of updated asset objects reloaded before import = 0Number of asset objects unloaded after import = 243

========================================================================
Received Import Request.
  Time since last request: 0.000018 seconds.
  path: Assets/My Stuff/UI
  artifactKey: Guid(fd5e13e69a51e714c9d94140e5c40652) Importer(815301076,1909f56bfc062723c751e8b465ee728b)
Start importing Assets/My Stuff/UI using Guid(fd5e13e69a51e714c9d94140e5c40652) Importer(815301076,1909f56bfc062723c751e8b465ee728b) (PreviewImporter) -> (artifact id: 'd5bda6244768919f96c888052e30a771') in 0.0010555 seconds
Number of updated asset objects reloaded before import = 0Number of asset objects unloaded after import = 0

========================================================================
Received Import Request.
  Time since last request: 8.481637 seconds.
  path: Assets/My Stuff/Characters/Weapons/Enemies/FlameThrower/Flamethrower_Flame.wav
  artifactKey: Guid(bdea7185b5c614f49aba0f89794d4643) Importer(815301076,1909f56bfc062723c751e8b465ee728b)
Start importing Assets/My Stuff/Characters/Weapons/Enemies/FlameThrower/Flamethrower_Flame.wav using Guid(bdea7185b5c614f49aba0f89794d4643) Importer(815301076,1909f56bfc062723c751e8b465ee728b) (PreviewImporter) -> (artifact id: '5a2a53ac95c2c6bc214ef916f089783f') in 0.0060317 seconds
Number of updated asset objects reloaded before import = 0Number of asset objects unloaded after import = 2

========================================================================
Received Import Request.
  Time since last request: 8.851126 seconds.
  path: Assets/My Stuff/Characters/Weapons/Enemies/FlameThrower/Fireball Fire Sound.prefab
  artifactKey: Guid(f03d0ed6c300c6544a4f3d08b983a205) Importer(815301076,1909f56bfc062723c751e8b465ee728b)
Start importing Assets/My Stuff/Characters/Weapons/Enemies/FlameThrower/Fireball Fire Sound.prefab using Guid(f03d0ed6c300c6544a4f3d08b983a205) Importer(815301076,1909f56bfc062723c751e8b465ee728b) (PreviewImporter) -> (artifact id: 'feb5725a3cd7f0b63507ac7ee8ffb83f') in 0.0133147 seconds
Number of updated asset objects reloaded before import = 0Number of asset objects unloaded after import = 6

========================================================================
Received Import Request.
  Time since last request: 10.474187 seconds.
  path: Assets/My Stuff/Characters/Weapons/Enemies/FlameThrower/FT Fire Sound.prefab
  artifactKey: Guid(f03d0ed6c300c6544a4f3d08b983a205) Importer(815301076,1909f56bfc062723c751e8b465ee728b)
Start importing Assets/My Stuff/Characters/Weapons/Enemies/FlameThrower/FT Fire Sound.prefab using Guid(f03d0ed6c300c6544a4f3d08b983a205) Importer(815301076,1909f56bfc062723c751e8b465ee728b) (PreviewImporter) -> (artifact id: '21f0d43a028626475d526ed7c67f51d7') in 0.0029253 seconds
Number of updated asset objects reloaded before import = 0Number of asset objects unloaded after import = 6

========================================================================
Received Import Request.
  Time since last request: 4.904863 seconds.
  path: Assets/My Stuff/Characters/Weapons/Enemies/FlameThrower/FT.asset
  artifactKey: Guid(24bbe1ed5ac40cc46ad27c3f9af2f045) Importer(815301076,1909f56bfc062723c751e8b465ee728b)
Start importing Assets/My Stuff/Characters/Weapons/Enemies/FlameThrower/FT.asset using Guid(24bbe1ed5ac40cc46ad27c3f9af2f045) Importer(815301076,1909f56bfc062723c751e8b465ee728b) (PreviewImporter) -> (artifact id: 'f5820a591512ade7d885ff2f38fac300') in 0.0373198 seconds
Number of updated asset objects reloaded before import = 0Number of asset objects unloaded after import = 76

========================================================================
Received Import Request.
  Time since last request: 3.609134 seconds.
  path: Assets/My Stuff/Characters/Weapons/Enemies/Hammer/_HM hit.wav
  artifactKey: Guid(4dfd0c9529058b94da1c9f3684331c4e) Importer(815301076,1909f56bfc062723c751e8b465ee728b)
Start importing Assets/My Stuff/Characters/Weapons/Enemies/Hammer/_HM hit.wav using Guid(4dfd0c9529058b94da1c9f3684331c4e) Importer(815301076,1909f56bfc062723c751e8b465ee728b) (PreviewImporter) -> (artifact id: 'ed4cf6538b3e7837f874c5d3fe6c8827') in 0.017902 seconds
Number of updated asset objects reloaded before import = 0Number of asset objects unloaded after import = 2

========================================================================
Received Import Request.
  Time since last request: 0.000019 seconds.
  path: Assets/My Stuff/Characters/Weapons/Enemies/Hammer/Staff.prefab
  artifactKey: Guid(aadb266219f83bf43bacd71d26c07764) Importer(815301076,1909f56bfc062723c751e8b465ee728b)
Start importing Assets/My Stuff/Characters/Weapons/Enemies/Hammer/Staff.prefab using Guid(aadb266219f83bf43bacd71d26c07764) Importer(815301076,1909f56bfc062723c751e8b465ee728b) (PreviewImporter) -> (artifact id: 'b56c8b62616e7117ed5612b880249270') in 0.5610512 seconds
Number of updated asset objects reloaded before import = 0Number of asset objects unloaded after import = 18

========================================================================
Received Import Request.
  Time since last request: 0.700251 seconds.
  path: Assets/My Stuff/Characters/Weapons/Enemies/Line/line.asset
  artifactKey: Guid(ea1fd81e9f54d4f41abc4391442c60b3) Importer(815301076,1909f56bfc062723c751e8b465ee728b)
Start importing Assets/My Stuff/Characters/Weapons/Enemies/Line/line.asset using Guid(ea1fd81e9f54d4f41abc4391442c60b3) Importer(815301076,1909f56bfc062723c751e8b465ee728b) (PreviewImporter) -> (artifact id: '3ab8ccbd2155ca293ef2ea5df42aabd5') in 0.0361264 seconds
Number of updated asset objects reloaded before import = 0Number of asset objects unloaded after import = 208

========================================================================
Received Import Request.
  Time since last request: 16.779580 seconds.
  path: Assets/My Stuff/Characters/Weapons/Enemies/Long Ranged/Empty.prefab
  artifactKey: Guid(6c91b8a62d097b846976beca865ac35d) Importer(815301076,1909f56bfc062723c751e8b465ee728b)
Start importing Assets/My Stuff/Characters/Weapons/Enemies/Long Ranged/Empty.prefab using Guid(6c91b8a62d097b846976beca865ac35d) Importer(815301076,1909f56bfc062723c751e8b465ee728b) (PreviewImporter) -> (artifact id: '086f8133aa1b30b9699cc3936dca179a') in 0.0031726 seconds
Number of updated asset objects reloaded before import = 0Number of asset objects unloaded after import = 4

========================================================================
Received Import Request.
  Time since last request: 0.000035 seconds.
  path: Assets/My Stuff/Characters/Weapons/Enemies/Long Ranged/LR projectile.prefab
  artifactKey: Guid(766646662d5114042a9c72d046e0886a) Importer(815301076,1909f56bfc062723c751e8b465ee728b)
Start importing Assets/My Stuff/Characters/Weapons/Enemies/Long Ranged/LR projectile.prefab using Guid(766646662d5114042a9c72d046e0886a) Importer(815301076,1909f56bfc062723c751e8b465ee728b) (PreviewImporter) -> (artifact id: '8d7a15653366fd43f5f077bbf560c94e') in 0.0421594 seconds
Number of updated asset objects reloaded before import = 0Number of asset objects unloaded after import = 44

========================================================================
Received Prepare
Begin MonoManager ReloadAssembly
- Loaded All Assemblies, in  1.436 seconds
Refreshing native plugins compatible for Editor in 1.68 ms, found 3 plugins.
Native extension for WindowsStandalone target not found
System.Exception: Error! Visual Scripting: couldn't find visual scripting package
  at Unity.VisualScripting.PackageVersionUtility.get_version () [0x00043] in .\Library\PackageCache\com.unity.visualscripting\Editor\VisualScripting.Core\Utilities\PackageVersionUtility.cs:31 
  at Unity.VisualScripting.BoltCoreManifest.get_version () [0x00000] in .\Library\PackageCache\com.unity.visualscripting\Editor\VisualScripting.Core\Plugin\BoltCoreManifest.cs:11 
  at Unity.VisualScripting.PluginManifest.get_currentVersion () [0x00000] in .\Library\PackageCache\com.unity.visualscripting\Editor\VisualScripting.Core\Plugins\PluginManifest.cs:33 
  at Unity.VisualScripting.PluginManifest.get_versionMismatch () [0x00000] in .\Library\PackageCache\com.unity.visualscripting\Editor\VisualScripting.Core\Plugins\PluginManifest.cs:48 
  at Unity.VisualScripting.PluginContainer.Initialize () [0x00525] in .\Library\PackageCache\com.unity.visualscripting\Editor\VisualScripting.Core\Plugins\PluginContainer.cs:208 
  at Unity.VisualScripting.PluginContainer.InitializeOnLoad () [0x00009] in .\Library\PackageCache\com.unity.visualscripting\Editor\VisualScripting.Core\Plugins\PluginContainer.cs:32 
  at Unity.VisualScripting.VSUsageUtility.DoInitializeOnLoadCalls () [0x00034] in .\Library\PackageCache\com.unity.visualscripting\Editor\VisualScripting.Core\Utilities\VSUsageUtility.cs:76 
  at Unity.VisualScripting.VSUsageUtility.set_isVisualScriptingUsed (System.Boolean value) [0x0002c] in .\Library\PackageCache\com.unity.visualscripting\Editor\VisualScripting.Core\Utilities\VSUsageUtility.cs:114 
  at Unity.VisualScripting.VSUsageUtility.CheckAndSetIsVisualScriptingUsed () [0x0000d] in .\Library\PackageCache\com.unity.visualscripting\Editor\VisualScripting.Core\Utilities\VSUsageUtility.cs:33 
  at Unity.VisualScripting.VSUsageUtility..cctor () [0x00000] in .\Library\PackageCache\com.unity.visualscripting\Editor\VisualScripting.Core\Utilities\VSUsageUtility.cs:22 
UnityEngine.Debug:ExtractStackTraceNoAlloc (byte*,int,string)
UnityEngine.StackTraceUtility:ExtractStackTrace ()
UnityEngine.DebugLogHandler:Internal_Log (UnityEngine.LogType,UnityEngine.LogOption,string,UnityEngine.Object)
UnityEngine.DebugLogHandler:LogFormat (UnityEngine.LogType,UnityEngine.Object,string,object[])
UnityEngine.Logger:Log (UnityEngine.LogType,object)
UnityEngine.Debug:LogError (object)
UnityEditor.EditorAssemblies:ProcessInitializeOnLoadAttributes (System.Type[])

Mono: successfully reloaded assembly
- Finished resetting the current domain, in  2.999 seconds
Domain Reload Profiling: 4433ms
	BeginReloadAssembly (496ms)
		ExecutionOrderSort (0ms)
		DisableScriptedObjects (27ms)
		BackupInstance (0ms)
		ReleaseScriptingObjects (0ms)
		CreateAndSetChildDomain (106ms)
	RebuildCommonClasses (69ms)
	RebuildNativeTypeToScriptingClass (23ms)
	initialDomainReloadingComplete (47ms)
	LoadAllAssembliesAndSetupDomain (799ms)
		LoadAssemblies (704ms)
		RebuildTransferFunctionScriptingTraits (0ms)
		AnalyzeDomain (382ms)
			TypeCache.Refresh (15ms)
				TypeCache.ScanAssembly (1ms)
			BuildScriptInfoCaches (334ms)
			ResolveRequiredComponents (27ms)
	FinalizeReload (2999ms)
		ReleaseScriptCaches (0ms)
		RebuildScriptCaches (0ms)
		SetupLoadedEditorAssemblies (2039ms)
			LogAssemblyErrors (0ms)
			InitializePlatformSupportModulesInManaged (4ms)
			SetLoadedEditorAssemblies (13ms)
			BeforeProcessingInitializeOnLoad (218ms)
			ProcessInitializeOnLoadAttributes (946ms)
			ProcessInitializeOnLoadMethodAttributes (844ms)
			AfterProcessingInitializeOnLoad (13ms)
			EditorAssembliesLoaded (1ms)
		ExecutionOrderSort2 (0ms)
		AwakeInstancesAfterBackupRestoration (14ms)
Refreshing native plugins compatible for Editor in 1.40 ms, found 3 plugins.
Preloading 0 native plugins for Editor in 0.00 ms.
Unloading 49 Unused Serialized files (Serialized files now loaded: 0)
Unloading 11836 unused Assets / (10.9 MB). Loaded Objects now: 12787.
Memory consumption went from 304.1 MB to 293.2 MB.
Total: 32.232100 ms (FindLiveObjects: 1.419200 ms CreateObjectMapping: 2.795700 ms MarkObjects: 22.353500 ms  DeleteObjects: 5.662800 ms)

Prepare: number of updated asset objects reloaded= 0
========================================================================
Received Import Request.
  Time since last request: 263.494681 seconds.
  path: Assets/Havid Stuff/mortal sin
  artifactKey: Guid(a7901994f85b43b4ba07111c988e8c4c) Importer(815301076,1909f56bfc062723c751e8b465ee728b)
Start importing Assets/Havid Stuff/mortal sin using Guid(a7901994f85b43b4ba07111c988e8c4c) Importer(815301076,1909f56bfc062723c751e8b465ee728b) (PreviewImporter) -> (artifact id: 'daf113b5b6606bc3783220d8b731c0e7') in 0.0184547 seconds
Number of updated asset objects reloaded before import = 0Number of asset objects unloaded after import = 0

========================================================================
Received Import Request.
  Time since last request: 14.742042 seconds.
  path: Assets/My Stuff/Scenes/Test room.unity
  artifactKey: Guid(aed37ae357c370041b19b4f0d72f0688) Importer(815301076,1909f56bfc062723c751e8b465ee728b)
Start importing Assets/My Stuff/Scenes/Test room.unity using Guid(aed37ae357c370041b19b4f0d72f0688) Importer(815301076,1909f56bfc062723c751e8b465ee728b) (PreviewImporter) -> (artifact id: 'd87af2a6822776d58bf9790d64d97c9f') in 0.0006976 seconds
Number of updated asset objects reloaded before import = 0Number of asset objects unloaded after import = 0

========================================================================
Received Import Request.
  Time since last request: 33.413232 seconds.
  path: Assets/My Stuff/Scenes/Starting Room.unity
  artifactKey: Guid(d56153a2bcb74ce48a321acba3a9da8f) Importer(815301076,1909f56bfc062723c751e8b465ee728b)
Start importing Assets/My Stuff/Scenes/Starting Room.unity using Guid(d56153a2bcb74ce48a321acba3a9da8f) Importer(815301076,1909f56bfc062723c751e8b465ee728b) (PreviewImporter) -> (artifact id: '83d0ed17199c6b6a7af2f565bed54d78') in 0.0006551 seconds
Number of updated asset objects reloaded before import = 0Number of asset objects unloaded after import = 0

========================================================================
Received Import Request.
  Time since last request: 602.372823 seconds.
  path: Assets/_Assets/Prefabs
  artifactKey: Guid(c5cfee596ed1c38418b422f3a015bbe4) Importer(815301076,1909f56bfc062723c751e8b465ee728b)
Start importing Assets/_Assets/Prefabs using Guid(c5cfee596ed1c38418b422f3a015bbe4) Importer(815301076,1909f56bfc062723c751e8b465ee728b) (PreviewImporter) -> (artifact id: '102f7d2e6353913c2d3b2cd5a67de6d6') in 0.0018747 seconds
Number of updated asset objects reloaded before import = 0Number of asset objects unloaded after import = 0

========================================================================
Received Prepare
Begin MonoManager ReloadAssembly
- Loaded All Assemblies, in  1.185 seconds
Refreshing native plugins compatible for Editor in 3.00 ms, found 3 plugins.
Assertion failed on expression: 'pred(*previous, *i)'
Assertion failed on expression: 'pred(*previous, *i)'
Assertion failed on expression: 'pred(*previous, *i)'
Assertion failed on expression: 'pred(*previous, *i)'
Assertion failed on expression: 'pred(*previous, *i)'
Native extension for WindowsStandalone target not found
System.Exception: Error! Visual Scripting: couldn't find visual scripting package
  at Unity.VisualScripting.PackageVersionUtility.get_version () [0x00043] in .\Library\PackageCache\com.unity.visualscripting\Editor\VisualScripting.Core\Utilities\PackageVersionUtility.cs:31 
  at Unity.VisualScripting.BoltCoreManifest.get_version () [0x00000] in .\Library\PackageCache\com.unity.visualscripting\Editor\VisualScripting.Core\Plugin\BoltCoreManifest.cs:11 
  at Unity.VisualScripting.PluginManifest.get_currentVersion () [0x00000] in .\Library\PackageCache\com.unity.visualscripting\Editor\VisualScripting.Core\Plugins\PluginManifest.cs:33 
  at Unity.VisualScripting.PluginManifest.get_versionMismatch () [0x00000] in .\Library\PackageCache\com.unity.visualscripting\Editor\VisualScripting.Core\Plugins\PluginManifest.cs:48 
  at Unity.VisualScripting.PluginContainer.Initialize () [0x00525] in .\Library\PackageCache\com.unity.visualscripting\Editor\VisualScripting.Core\Plugins\PluginContainer.cs:208 
  at Unity.VisualScripting.PluginContainer.InitializeOnLoad () [0x00009] in .\Library\PackageCache\com.unity.visualscripting\Editor\VisualScripting.Core\Plugins\PluginContainer.cs:32 
  at Unity.VisualScripting.VSUsageUtility.DoInitializeOnLoadCalls () [0x00034] in .\Library\PackageCache\com.unity.visualscripting\Editor\VisualScripting.Core\Utilities\VSUsageUtility.cs:76 
  at Unity.VisualScripting.VSUsageUtility.set_isVisualScriptingUsed (System.Boolean value) [0x0002c] in .\Library\PackageCache\com.unity.visualscripting\Editor\VisualScripting.Core\Utilities\VSUsageUtility.cs:114 
  at Unity.VisualScripting.VSUsageUtility.CheckAndSetIsVisualScriptingUsed () [0x0000d] in .\Library\PackageCache\com.unity.visualscripting\Editor\VisualScripting.Core\Utilities\VSUsageUtility.cs:33 
  at Unity.VisualScripting.VSUsageUtility..cctor () [0x00000] in .\Library\PackageCache\com.unity.visualscripting\Editor\VisualScripting.Core\Utilities\VSUsageUtility.cs:22 
UnityEngine.Debug:ExtractStackTraceNoAlloc (byte*,int,string)
UnityEngine.StackTraceUtility:ExtractStackTrace ()
UnityEngine.DebugLogHandler:Internal_Log (UnityEngine.LogType,UnityEngine.LogOption,string,UnityEngine.Object)
UnityEngine.DebugLogHandler:LogFormat (UnityEngine.LogType,UnityEngine.Object,string,object[])
UnityEngine.Logger:Log (UnityEngine.LogType,object)
UnityEngine.Debug:LogError (object)
UnityEditor.EditorAssemblies:ProcessInitializeOnLoadAttributes (System.Type[])

Mono: successfully reloaded assembly
- Finished resetting the current domain, in  2.558 seconds
Domain Reload Profiling: 3741ms
	BeginReloadAssembly (291ms)
		ExecutionOrderSort (0ms)
		DisableScriptedObjects (11ms)
		BackupInstance (0ms)
		ReleaseScriptingObjects (0ms)
		CreateAndSetChildDomain (86ms)
	RebuildCommonClasses (40ms)
	RebuildNativeTypeToScriptingClass (22ms)
	initialDomainReloadingComplete (36ms)
	LoadAllAssembliesAndSetupDomain (793ms)
		LoadAssemblies (545ms)
		RebuildTransferFunctionScriptingTraits (0ms)
		AnalyzeDomain (369ms)
			TypeCache.Refresh (14ms)
				TypeCache.ScanAssembly (1ms)
			BuildScriptInfoCaches (332ms)
			ResolveRequiredComponents (18ms)
	FinalizeReload (2559ms)
		ReleaseScriptCaches (0ms)
		RebuildScriptCaches (0ms)
		SetupLoadedEditorAssemblies (1731ms)
			LogAssemblyErrors (0ms)
			InitializePlatformSupportModulesInManaged (3ms)
			SetLoadedEditorAssemblies (4ms)
			BeforeProcessingInitializeOnLoad (169ms)
			ProcessInitializeOnLoadAttributes (810ms)
			ProcessInitializeOnLoadMethodAttributes (733ms)
			AfterProcessingInitializeOnLoad (11ms)
			EditorAssembliesLoaded (1ms)
		ExecutionOrderSort2 (0ms)
		AwakeInstancesAfterBackupRestoration (13ms)
Refreshing native plugins compatible for Editor in 1.49 ms, found 3 plugins.
Preloading 0 native plugins for Editor in 0.00 ms.
Unloading 40 Unused Serialized files (Serialized files now loaded: 0)
Unloading 11835 unused Assets / (12.0 MB). Loaded Objects now: 12793.
Memory consumption went from 304.2 MB to 292.3 MB.
Total: 27.181800 ms (FindLiveObjects: 1.438100 ms CreateObjectMapping: 2.736900 ms MarkObjects: 17.014700 ms  DeleteObjects: 5.991000 ms)

Prepare: number of updated asset objects reloaded= 0
========================================================================
Received Import Request.
  Time since last request: 532.514572 seconds.
  path: Assets/Havid Stuff/Scenes/Scene Aesthetics
  artifactKey: Guid(431a5560f25f2274483092c878986201) Importer(815301076,1909f56bfc062723c751e8b465ee728b)
Start importing Assets/Havid Stuff/Scenes/Scene Aesthetics using Guid(431a5560f25f2274483092c878986201) Importer(815301076,1909f56bfc062723c751e8b465ee728b) (PreviewImporter) -> (artifact id: '14d18600273bf0b8e83a709355e1bed0') in 0.0189664 seconds
Number of updated asset objects reloaded before import = 0Number of asset objects unloaded after import = 0

========================================================================
Received Import Request.
  Time since last request: 1.278380 seconds.
  path: Assets/Havid Stuff/Scenes/Scene Aesthetics/Materials
  artifactKey: Guid(92485fb9a778f424ba37489fee82b6af) Importer(815301076,1909f56bfc062723c751e8b465ee728b)
Start importing Assets/Havid Stuff/Scenes/Scene Aesthetics/Materials using Guid(92485fb9a778f424ba37489fee82b6af) Importer(815301076,1909f56bfc062723c751e8b465ee728b) (PreviewImporter) -> (artifact id: 'c2fdad66da329f8b99f6cc9ba61bcb1c') in 0.000544 seconds
Number of updated asset objects reloaded before import = 0Number of asset objects unloaded after import = 0

========================================================================
Received Import Request.
  Time since last request: 2.303278 seconds.
  path: Assets/Havid Stuff/Scenes/Scene Aesthetics/Scene/Style 1.unity
  artifactKey: Guid(773393713823616428f18ec766d1870c) Importer(815301076,1909f56bfc062723c751e8b465ee728b)
Start importing Assets/Havid Stuff/Scenes/Scene Aesthetics/Scene/Style 1.unity using Guid(773393713823616428f18ec766d1870c) Importer(815301076,1909f56bfc062723c751e8b465ee728b) (PreviewImporter) -> (artifact id: '8371f298a718dbec3c841cbc7b2fb66d') in 0.000591 seconds
Number of updated asset objects reloaded before import = 0Number of asset objects unloaded after import = 0

========================================================================
Received Import Request.
  Time since last request: 6.418085 seconds.
  path: Assets/Havid Stuff/Scenes/Scene Aesthetics/Scene/Style 2.unity
  artifactKey: Guid(122d62941bc184c4daaf04a0c19b836c) Importer(815301076,1909f56bfc062723c751e8b465ee728b)
Start importing Assets/Havid Stuff/Scenes/Scene Aesthetics/Scene/Style 2.unity using Guid(122d62941bc184c4daaf04a0c19b836c) Importer(815301076,1909f56bfc062723c751e8b465ee728b) (PreviewImporter) -> (artifact id: '95fe7d35b3c3d6c7ab51ce0bf4252b48') in 0.0008301 seconds
Number of updated asset objects reloaded before import = 0Number of asset objects unloaded after import = 0

========================================================================
Received Import Request.
  Time since last request: 11.334184 seconds.
  path: Assets/Havid Stuff/Scenes/Scene Aesthetics/Scene/Style 3.unity
  artifactKey: Guid(5b1ed0c020de0bd4ca6e1b92c22d40a7) Importer(815301076,1909f56bfc062723c751e8b465ee728b)
Start importing Assets/Havid Stuff/Scenes/Scene Aesthetics/Scene/Style 3.unity using Guid(5b1ed0c020de0bd4ca6e1b92c22d40a7) Importer(815301076,1909f56bfc062723c751e8b465ee728b) (PreviewImporter) -> (artifact id: '54e3bcf2ce4ab853413ee8fa8f33b379') in 0.000569 seconds
Number of updated asset objects reloaded before import = 0Number of asset objects unloaded after import = 0

========================================================================
Received Import Request.
  Time since last request: 123.275780 seconds.
  path: Assets/Havid Stuff/Scenes/Scene Aesthetics/Scene/Style 4.unity
  artifactKey: Guid(32b89ec75983a534db4bde1902755bb9) Importer(815301076,1909f56bfc062723c751e8b465ee728b)
Start importing Assets/Havid Stuff/Scenes/Scene Aesthetics/Scene/Style 4.unity using Guid(32b89ec75983a534db4bde1902755bb9) Importer(815301076,1909f56bfc062723c751e8b465ee728b) (PreviewImporter) -> (artifact id: 'bd292984bb5209193f56cea204e8a281') in 0.0006333 seconds
Number of updated asset objects reloaded before import = 0Number of asset objects unloaded after import = 0

========================================================================
Received Import Request.
  Time since last request: 1524.379157 seconds.
  path: Assets/My Stuff/Characters/Enemies/Spawn FX.prefab
  artifactKey: Guid(e30022b0722685645b39980617fbdd01) Importer(815301076,1909f56bfc062723c751e8b465ee728b)
Start importing Assets/My Stuff/Characters/Enemies/Spawn FX.prefab using Guid(e30022b0722685645b39980617fbdd01) Importer(815301076,1909f56bfc062723c751e8b465ee728b) (PreviewImporter)Refreshing native plugins compatible for Editor in 1.57 ms, found 3 plugins.
Preloading 0 native plugins for Editor in 0.00 ms.
 -> (artifact id: '70f1d03452b5c781abc513692d731038') in 3.0477236 seconds
Number of updated asset objects reloaded before import = 0Number of asset objects unloaded after import = 876

========================================================================
Received Import Request.
  Time since last request: 5.624420 seconds.
  path: Assets/My Stuff/Characters/Enemies/Basic/Melee/Enemy Melee Variant.prefab
  artifactKey: Guid(050a09c2f8b2a544cbf0e3b9cecb9d36) Importer(815301076,1909f56bfc062723c751e8b465ee728b)
Start importing Assets/My Stuff/Characters/Enemies/Basic/Melee/Enemy Melee Variant.prefab using Guid(050a09c2f8b2a544cbf0e3b9cecb9d36) Importer(815301076,1909f56bfc062723c751e8b465ee728b) (PreviewImporter)Refreshing native plugins compatible for Editor in 1.49 ms, found 3 plugins.
Preloading 0 native plugins for Editor in 0.00 ms.
 -> (artifact id: '4ce8db4ed490deb0214cd5faed9ea805') in 1.5811883 seconds
Number of updated asset objects reloaded before import = 0Number of asset objects unloaded after import = 805

========================================================================
Received Import Request.
  Time since last request: 16.510571 seconds.
  path: Assets/Havid Stuff/mortal sin/mat/Env/Outline Example 1 3.mat
  artifactKey: Guid(35148ae19d63eba439e7941abbd16556) Importer(815301076,1909f56bfc062723c751e8b465ee728b)
Start importing Assets/Havid Stuff/mortal sin/mat/Env/Outline Example 1 3.mat using Guid(35148ae19d63eba439e7941abbd16556) Importer(815301076,1909f56bfc062723c751e8b465ee728b) (PreviewImporter) -> (artifact id: '90595e4fbbb054dcc2a80e9f80437273') in 0.0591318 seconds
Number of updated asset objects reloaded before import = 0Number of asset objects unloaded after import = 9

========================================================================
Received Import Request.
  Time since last request: 0.000036 seconds.
  path: Assets/Havid Stuff/mortal sin 1/mat/Env/Outline Example 1 10.mat
  artifactKey: Guid(72a5abe6421862e479f12c8f35aeede5) Importer(815301076,1909f56bfc062723c751e8b465ee728b)
Start importing Assets/Havid Stuff/mortal sin 1/mat/Env/Outline Example 1 10.mat using Guid(72a5abe6421862e479f12c8f35aeede5) Importer(815301076,1909f56bfc062723c751e8b465ee728b) (PreviewImporter) -> (artifact id: '5fcf14ec43b2037d6290dfb689fe3506') in 0.0270073 seconds
Number of updated asset objects reloaded before import = 0Number of asset objects unloaded after import = 9

========================================================================
Received Import Request.
  Time since last request: 0.000025 seconds.
  path: Assets/Havid Stuff/Port2/Materials/patrolBoat.mat
  artifactKey: Guid(15189796ce3c9f54486c0df3ee1133ee) Importer(815301076,1909f56bfc062723c751e8b465ee728b)
Start importing Assets/Havid Stuff/Port2/Materials/patrolBoat.mat using Guid(15189796ce3c9f54486c0df3ee1133ee) Importer(815301076,1909f56bfc062723c751e8b465ee728b) (PreviewImporter) -> (artifact id: 'ce3798cbeeb20f8010a80c4b9c1110fc') in 5.4163538 seconds
Number of updated asset objects reloaded before import = 0Number of asset objects unloaded after import = 4

========================================================================
Received Import Request.
  Time since last request: 0.000048 seconds.
  path: Assets/Havid Stuff/mortal sin 1/mat/Env/Outline Example 1 6.mat
  artifactKey: Guid(6041a4aecc7f71c48a9adb5f832283c8) Importer(815301076,1909f56bfc062723c751e8b465ee728b)
Start importing Assets/Havid Stuff/mortal sin 1/mat/Env/Outline Example 1 6.mat using Guid(6041a4aecc7f71c48a9adb5f832283c8) Importer(815301076,1909f56bfc062723c751e8b465ee728b) (PreviewImporter) -> (artifact id: '2e9c0c356a4295d3299b85dc4f84b7b9') in 0.0256918 seconds
Number of updated asset objects reloaded before import = 0Number of asset objects unloaded after import = 8

========================================================================
Received Import Request.
  Time since last request: 0.000033 seconds.
  path: Assets/Havid Stuff/mortal sin/mat/Env/Outline Example 1 7.mat
  artifactKey: Guid(ca38e439820f0844ebc527f1ac9beaf0) Importer(815301076,1909f56bfc062723c751e8b465ee728b)
Start importing Assets/Havid Stuff/mortal sin/mat/Env/Outline Example 1 7.mat using Guid(ca38e439820f0844ebc527f1ac9beaf0) Importer(815301076,1909f56bfc062723c751e8b465ee728b) (PreviewImporter) -> (artifact id: '71051653cf0241b6fd244a1aa08c0cd7') in 0.0362417 seconds
Number of updated asset objects reloaded before import = 0Number of asset objects unloaded after import = 11

========================================================================
Received Import Request.
  Time since last request: 0.000028 seconds.
  path: Assets/Packages/Hovl Studio 1/Background VFX/Materials/Point1.mat
  artifactKey: Guid(c2582771ed9e9ff4c922590c52e25e18) Importer(815301076,1909f56bfc062723c751e8b465ee728b)
Start importing Assets/Packages/Hovl Studio 1/Background VFX/Materials/Point1.mat using Guid(c2582771ed9e9ff4c922590c52e25e18) Importer(815301076,1909f56bfc062723c751e8b465ee728b) (PreviewImporter) -> (artifact id: '47744c6645173afd4d188d770db16ca8') in 0.0265411 seconds
Number of updated asset objects reloaded before import = 0Number of asset objects unloaded after import = 2

========================================================================
Received Import Request.
  Time since last request: 0.000031 seconds.
  path: Assets/Distant Lands/Outline Example 1 5.mat
  artifactKey: Guid(787b7b2b9fb15e84994fb762eee63192) Importer(815301076,1909f56bfc062723c751e8b465ee728b)
Start importing Assets/Distant Lands/Outline Example 1 5.mat using Guid(787b7b2b9fb15e84994fb762eee63192) Importer(815301076,1909f56bfc062723c751e8b465ee728b) (PreviewImporter) -> (artifact id: 'f5d53bd9d1dffe35bf1fd32d6d72abba') in 0.023304 seconds
Number of updated asset objects reloaded before import = 0Number of asset objects unloaded after import = 6

========================================================================
Received Import Request.
  Time since last request: 0.000049 seconds.
  path: Assets/Havid Stuff/mortal sin/mat/Env/Outline Example 1 9.mat
  artifactKey: Guid(b1e8f0e9edb0cd344844aea21cd4f96c) Importer(815301076,1909f56bfc062723c751e8b465ee728b)
Start importing Assets/Havid Stuff/mortal sin/mat/Env/Outline Example 1 9.mat using Guid(b1e8f0e9edb0cd344844aea21cd4f96c) Importer(815301076,1909f56bfc062723c751e8b465ee728b) (PreviewImporter) -> (artifact id: '9a0dbf28658bc48833de8934d76b4399') in 0.0284756 seconds
Number of updated asset objects reloaded before import = 0Number of asset objects unloaded after import = 6

========================================================================
Received Import Request.
  Time since last request: 0.000027 seconds.
  path: Assets/Havid Stuff/mortal sin/mat/Env/Outlined enemy melee.mat
  artifactKey: Guid(fb4c7b012bb67f846a3f035d3729489e) Importer(815301076,1909f56bfc062723c751e8b465ee728b)
Start importing Assets/Havid Stuff/mortal sin/mat/Env/Outlined enemy melee.mat using Guid(fb4c7b012bb67f846a3f035d3729489e) Importer(815301076,1909f56bfc062723c751e8b465ee728b) (PreviewImporter) -> (artifact id: '13ce9de3b7cdca4333c0a0489d6189ab') in 0.0239067 seconds
Number of updated asset objects reloaded before import = 0Number of asset objects unloaded after import = 6

========================================================================
Received Import Request.
  Time since last request: 0.000025 seconds.
  path: Assets/Havid Stuff/Port2/Skyboxes/Overcast2 Skybox.mat
  artifactKey: Guid(d4d16ca3d56fb7142a32d49bbd323836) Importer(815301076,1909f56bfc062723c751e8b465ee728b)
Start importing Assets/Havid Stuff/Port2/Skyboxes/Overcast2 Skybox.mat using Guid(d4d16ca3d56fb7142a32d49bbd323836) Importer(815301076,1909f56bfc062723c751e8b465ee728b) (PreviewImporter) -> (artifact id: 'cf5354f49bb66305aee131e9db1d25fe') in 0.0336566 seconds
Number of updated asset objects reloaded before import = 0Number of asset objects unloaded after import = 7

========================================================================
Received Import Request.
  Time since last request: 0.000034 seconds.
  path: Assets/Plugins/GameCreator/Installs/Abilities.Assets@1.1.0/VFX/Materials/PolyGlow_ADD.mat
  artifactKey: Guid(2c46201d374c5d34a8d75c5140f67f55) Importer(815301076,1909f56bfc062723c751e8b465ee728b)
Start importing Assets/Plugins/GameCreator/Installs/Abilities.Assets@1.1.0/VFX/Materials/PolyGlow_ADD.mat using Guid(2c46201d374c5d34a8d75c5140f67f55) Importer(815301076,1909f56bfc062723c751e8b465ee728b) (PreviewImporter) -> (artifact id: 'ba2eecc29271e15edc4a34e293414df9') in 0.0196565 seconds
Number of updated asset objects reloaded before import = 0Number of asset objects unloaded after import = 1

========================================================================
Received Import Request.
  Time since last request: 0.000084 seconds.
  path: Assets/Havid Stuff/mortal sin 1/mat/Env/Outline Example 1 7.mat
  artifactKey: Guid(0ce6ab54429a084419192e22e0a36a01) Importer(815301076,1909f56bfc062723c751e8b465ee728b)
Start importing Assets/Havid Stuff/mortal sin 1/mat/Env/Outline Example 1 7.mat using Guid(0ce6ab54429a084419192e22e0a36a01) Importer(815301076,1909f56bfc062723c751e8b465ee728b) (PreviewImporter) -> (artifact id: '895f4ec475ccec1fe302a349c1c9465d') in 0.0253858 seconds
Number of updated asset objects reloaded before import = 0Number of asset objects unloaded after import = 11

========================================================================
Received Import Request.
  Time since last request: 0.000032 seconds.
  path: Packages/com.distantlands.cozy.core/Content/Resources/Materials/Painted Clouds Reference.mat
  artifactKey: Guid(6f837758ffbfb4d41997d2bd47d59d7f) Importer(815301076,1909f56bfc062723c751e8b465ee728b)
Start importing Packages/com.distantlands.cozy.core/Content/Resources/Materials/Painted Clouds Reference.mat using Guid(6f837758ffbfb4d41997d2bd47d59d7f) Importer(815301076,1909f56bfc062723c751e8b465ee728b) (PreviewImporter) -> (artifact id: '6f3b05ff1ad7e59b8281a76b59736690') in 0.0604684 seconds
Number of updated asset objects reloaded before import = 0Number of asset objects unloaded after import = 5

========================================================================
Received Import Request.
  Time since last request: 0.000026 seconds.
  path: Assets/Packages/Hovl Studio/HSFiles/Materials/Point11cg.mat
  artifactKey: Guid(c90a3c23b0fc60244a9f3588ff9e721f) Importer(815301076,1909f56bfc062723c751e8b465ee728b)
Start importing Assets/Packages/Hovl Studio/HSFiles/Materials/Point11cg.mat using Guid(c90a3c23b0fc60244a9f3588ff9e721f) Importer(815301076,1909f56bfc062723c751e8b465ee728b) (PreviewImporter) -> (artifact id: '820ad545c5530e43fb9d9f1c55329a67') in 0.5508465 seconds
Number of updated asset objects reloaded before import = 0Number of asset objects unloaded after import = 9

========================================================================
Received Import Request.
  Time since last request: 0.000037 seconds.
  path: Assets/Havid Stuff/CyberneticWalrus/Factory_Interior/Models/Materials/Pipe_Duct_01.mat
  artifactKey: Guid(51520db56cfb2524d8e444fca07f0b3c) Importer(815301076,1909f56bfc062723c751e8b465ee728b)
Start importing Assets/Havid Stuff/CyberneticWalrus/Factory_Interior/Models/Materials/Pipe_Duct_01.mat using Guid(51520db56cfb2524d8e444fca07f0b3c) Importer(815301076,1909f56bfc062723c751e8b465ee728b) (PreviewImporter) -> (artifact id: '9111910cf8aea0797319cfde26e24ffc') in 4.3755849 seconds
Number of updated asset objects reloaded before import = 0Number of asset objects unloaded after import = 5

========================================================================
Received Import Request.
  Time since last request: 0.902797 seconds.
  path: Assets/Packages/polyperfect/Poly Universal Pack/- Materials/Buildings/wall-stone-decorative-b-farm.mat
  artifactKey: Guid(b643c34c6b659fa45b5c63520fb0db30) Importer(815301076,1909f56bfc062723c751e8b465ee728b)
Start importing Assets/Packages/polyperfect/Poly Universal Pack/- Materials/Buildings/wall-stone-decorative-b-farm.mat using Guid(b643c34c6b659fa45b5c63520fb0db30) Importer(815301076,1909f56bfc062723c751e8b465ee728b) (PreviewImporter) -> (artifact id: 'a98e00a5862a4b4bc203c69bfce6c2bb') in 5.2049786 seconds
Number of updated asset objects reloaded before import = 0Number of asset objects unloaded after import = 6

========================================================================
Received Import Request.
  Time since last request: 0.000037 seconds.
  path: Assets/Plugins/GameCreator/Installs/Shooter.Weapons@1.0.2/Models/Wand/Wand-Weapon.mat
  artifactKey: Guid(e9357fe147ea54cd08b5bed27e671134) Importer(815301076,1909f56bfc062723c751e8b465ee728b)
Start importing Assets/Plugins/GameCreator/Installs/Shooter.Weapons@1.0.2/Models/Wand/Wand-Weapon.mat using Guid(e9357fe147ea54cd08b5bed27e671134) Importer(815301076,1909f56bfc062723c751e8b465ee728b) (PreviewImporter) -> (artifact id: 'af547bf2ac237960fff03695af3480cf') in 0.0175936 seconds
Number of updated asset objects reloaded before import = 0Number of asset objects unloaded after import = 1

========================================================================
Received Import Request.
  Time since last request: 0.000035 seconds.
  path: Assets/Havid Stuff/Port2/Water/Materials/WaterProDaytime.mat
  artifactKey: Guid(7350b65a6431f604a8496c39db1ac9c5) Importer(815301076,1909f56bfc062723c751e8b465ee728b)
Start importing Assets/Havid Stuff/Port2/Water/Materials/WaterProDaytime.mat using Guid(7350b65a6431f604a8496c39db1ac9c5) Importer(815301076,1909f56bfc062723c751e8b465ee728b) (PreviewImporter) -> (artifact id: '93be1be348e8951ba755971189b04fbb') in 5.2044417 seconds
Number of updated asset objects reloaded before import = 0Number of asset objects unloaded after import = 4

========================================================================
Received Import Request.
  Time since last request: 0.000037 seconds.
  path: Assets/Packages/polyperfect/Poly Universal Pack/- Materials/Buildings/wall-wooden-vertical-planks-a-farm.mat
  artifactKey: Guid(5eeff7839dfe75443860f561f792315f) Importer(815301076,1909f56bfc062723c751e8b465ee728b)
Start importing Assets/Packages/polyperfect/Poly Universal Pack/- Materials/Buildings/wall-wooden-vertical-planks-a-farm.mat using Guid(5eeff7839dfe75443860f561f792315f) Importer(815301076,1909f56bfc062723c751e8b465ee728b) (PreviewImporter) -> (artifact id: '364b8b87b9b7b4b5f7660ad9e7eb291e') in 0.0800941 seconds
Number of updated asset objects reloaded before import = 0Number of asset objects unloaded after import = 6

========================================================================
Received Import Request.
  Time since last request: 0.000044 seconds.
  path: Assets/Packages/polyperfect/Poly Universal Pack/- Materials/Buildings/wall-wooden-vertical-planks-c-farm.mat
  artifactKey: Guid(2a30f7848eae3254a9dcb22a85fe66e2) Importer(815301076,1909f56bfc062723c751e8b465ee728b)
Start importing Assets/Packages/polyperfect/Poly Universal Pack/- Materials/Buildings/wall-wooden-vertical-planks-c-farm.mat using Guid(2a30f7848eae3254a9dcb22a85fe66e2) Importer(815301076,1909f56bfc062723c751e8b465ee728b) (PreviewImporter) -> (artifact id: 'f6125bfa183119a43a38ee0d750079f3') in 0.034389 seconds
Number of updated asset objects reloaded before import = 0Number of asset objects unloaded after import = 6

========================================================================
Received Import Request.
  Time since last request: 0.000027 seconds.
  path: Assets/Havid Stuff/Port2/Materials/woodplank.mat
  artifactKey: Guid(5ea052f1b0f69e44fa943bcbebfacea6) Importer(815301076,1909f56bfc062723c751e8b465ee728b)
Start importing Assets/Havid Stuff/Port2/Materials/woodplank.mat using Guid(5ea052f1b0f69e44fa943bcbebfacea6) Importer(815301076,1909f56bfc062723c751e8b465ee728b) (PreviewImporter) -> (artifact id: '55aa5e612b6c0309ab7f2f2f0e27098f') in 0.0203548 seconds
Number of updated asset objects reloaded before import = 0Number of asset objects unloaded after import = 4

========================================================================
Received Import Request.
  Time since last request: 0.000026 seconds.
  path: Assets/Packages/polyperfect/Poly Universal Pack/- Materials/Buildings/wall-wooden-vertical-planks-d-farm.mat
  artifactKey: Guid(e32755da3f6b34442865adc575c07eca) Importer(815301076,1909f56bfc062723c751e8b465ee728b)
Start importing Assets/Packages/polyperfect/Poly Universal Pack/- Materials/Buildings/wall-wooden-vertical-planks-d-farm.mat using Guid(e32755da3f6b34442865adc575c07eca) Importer(815301076,1909f56bfc062723c751e8b465ee728b) (PreviewImporter) -> (artifact id: 'd2ebf82ae2d5aac81917c174fe7165d5') in 0.0363355 seconds
Number of updated asset objects reloaded before import = 0Number of asset objects unloaded after import = 6

========================================================================
Received Import Request.
  Time since last request: 0.000033 seconds.
  path: Assets/Packages/polyperfect/Poly Universal Pack/- Materials/Buildings/wall-wooden-vertical-planks-b-farm.mat
  artifactKey: Guid(1c83e202002caf945b5729b0f2d301b2) Importer(815301076,1909f56bfc062723c751e8b465ee728b)
Start importing Assets/Packages/polyperfect/Poly Universal Pack/- Materials/Buildings/wall-wooden-vertical-planks-b-farm.mat using Guid(1c83e202002caf945b5729b0f2d301b2) Importer(815301076,1909f56bfc062723c751e8b465ee728b) (PreviewImporter) -> (artifact id: 'd0c1592b5e7b3a51e0e85e7b495cf688') in 0.0410351 seconds
Number of updated asset objects reloaded before import = 0Number of asset objects unloaded after import = 6

========================================================================
Received Import Request.
  Time since last request: 0.000052 seconds.
  path: Assets/Plugins/GameCreator/Installs/Inventory.Items@1.2.12/_Meshes/Sword_Wood/WoodSword_Screw.mat
  artifactKey: Guid(f943ca0edfc8e466e9cd3cac02189176) Importer(815301076,1909f56bfc062723c751e8b465ee728b)
Start importing Assets/Plugins/GameCreator/Installs/Inventory.Items@1.2.12/_Meshes/Sword_Wood/WoodSword_Screw.mat using Guid(f943ca0edfc8e466e9cd3cac02189176) Importer(815301076,1909f56bfc062723c751e8b465ee728b) (PreviewImporter) -> (artifact id: 'e556abe342bcfd3e01c0ccabb9e24ec5') in 0.0211942 seconds
Number of updated asset objects reloaded before import = 0Number of asset objects unloaded after import = 1

========================================================================
Received Import Request.
  Time since last request: 24.376671 seconds.
  path: Assets/Havid Stuff/CyberneticWalrus/Factory_Interior/Models/Materials/Metal_Corrugated_01.mat
  artifactKey: Guid(e22a27fc6537f144cb1ed77c72b4e62c) Importer(815301076,1909f56bfc062723c751e8b465ee728b)
Start importing Assets/Havid Stuff/CyberneticWalrus/Factory_Interior/Models/Materials/Metal_Corrugated_01.mat using Guid(e22a27fc6537f144cb1ed77c72b4e62c) Importer(815301076,1909f56bfc062723c751e8b465ee728b) (PreviewImporter) -> (artifact id: '72cc34d5849277813242f2f1c33d7ff6') in 0.0449482 seconds
Number of updated asset objects reloaded before import = 0Number of asset objects unloaded after import = 5

========================================================================
Received Import Request.
  Time since last request: 0.000023 seconds.
  path: Assets/Havid Stuff/LeartesStudios/AbandonedFactory/HDRP/Art/Meshes/Barrel/Materials/MI_Barrel.mat
  artifactKey: Guid(a92e151f67a4f3945993987d990bc5db) Importer(815301076,1909f56bfc062723c751e8b465ee728b)
Start importing Assets/Havid Stuff/LeartesStudios/AbandonedFactory/HDRP/Art/Meshes/Barrel/Materials/MI_Barrel.mat using Guid(a92e151f67a4f3945993987d990bc5db) Importer(815301076,1909f56bfc062723c751e8b465ee728b) (PreviewImporter) -> (artifact id: 'bee4e82d2a9835bc80b1e507012dcb03') in 0.0200702 seconds
Number of updated asset objects reloaded before import = 0Number of asset objects unloaded after import = 1

========================================================================
Received Import Request.
  Time since last request: 0.000029 seconds.
  path: Assets/Havid Stuff/LeartesStudios/AbandonedFactory/HDRP/Art/Meshes/fireHydrant/Materials/MI_FireHydrant.mat
  artifactKey: Guid(d104a33b2bace38418bbd6acb3233211) Importer(815301076,1909f56bfc062723c751e8b465ee728b)
Start importing Assets/Havid Stuff/LeartesStudios/AbandonedFactory/HDRP/Art/Meshes/fireHydrant/Materials/MI_FireHydrant.mat using Guid(d104a33b2bace38418bbd6acb3233211) Importer(815301076,1909f56bfc062723c751e8b465ee728b) (PreviewImporter) -> (artifact id: '3ee0259ef4db08b07f1bf84ddbf9dd92') in 0.0176671 seconds
Number of updated asset objects reloaded before import = 0Number of asset objects unloaded after import = 1

========================================================================
Received Import Request.
  Time since last request: 0.000042 seconds.
  path: Assets/Havid Stuff/LeartesStudios/AbandonedFactory/URP/Art/Meshes/Wall/Materials/MI_Door.mat
  artifactKey: Guid(d954e8124ece7084e9a578f3921f13ee) Importer(815301076,1909f56bfc062723c751e8b465ee728b)
Start importing Assets/Havid Stuff/LeartesStudios/AbandonedFactory/URP/Art/Meshes/Wall/Materials/MI_Door.mat using Guid(d954e8124ece7084e9a578f3921f13ee) Importer(815301076,1909f56bfc062723c751e8b465ee728b) (PreviewImporter) -> (artifact id: 'ea824104d15961fa6f75c2a70ed952be') in 0.0090176 seconds
Number of updated asset objects reloaded before import = 0Number of asset objects unloaded after import = 1

========================================================================
Received Import Request.
  Time since last request: 0.000025 seconds.
  path: Assets/Havid Stuff/LeartesStudios/AbandonedFactory/HDRP/Art/Meshes/Wall/Materials/MI_Buildings_Inst6.mat
  artifactKey: Guid(0a808c5ebee614a4ebb0b960c2139080) Importer(815301076,1909f56bfc062723c751e8b465ee728b)
Start importing Assets/Havid Stuff/LeartesStudios/AbandonedFactory/HDRP/Art/Meshes/Wall/Materials/MI_Buildings_Inst6.mat using Guid(0a808c5ebee614a4ebb0b960c2139080) Importer(815301076,1909f56bfc062723c751e8b465ee728b) (PreviewImporter) -> (artifact id: '60e2f31db1e2e1b6a2b6c3fabbd020dd') in 0.016094 seconds
Number of updated asset objects reloaded before import = 0Number of asset objects unloaded after import = 1

========================================================================
Received Import Request.
  Time since last request: 0.000029 seconds.
  path: Assets/Havid Stuff/LeartesStudios/AbandonedFactory/URP/Art/Meshes/Wall/Materials/MI_Buildings_Inst6.mat
  artifactKey: Guid(950acd77c96363a4a955938209db054c) Importer(815301076,1909f56bfc062723c751e8b465ee728b)
Start importing Assets/Havid Stuff/LeartesStudios/AbandonedFactory/URP/Art/Meshes/Wall/Materials/MI_Buildings_Inst6.mat using Guid(950acd77c96363a4a955938209db054c) Importer(815301076,1909f56bfc062723c751e8b465ee728b) (PreviewImporter) -> (artifact id: 'a29ad34883ab39a678ab07878b6953a5') in 0.0089742 seconds
Number of updated asset objects reloaded before import = 0Number of asset objects unloaded after import = 1

========================================================================
Received Import Request.
  Time since last request: 0.000025 seconds.
  path: Assets/Havid Stuff/LeartesStudios/AbandonedFactory/HDRP/Art/Meshes/Rocks/Materials/MI_Buildings_Inst6.mat
  artifactKey: Guid(1f620b0ffec57a44784449e0d81a840e) Importer(815301076,1909f56bfc062723c751e8b465ee728b)
Start importing Assets/Havid Stuff/LeartesStudios/AbandonedFactory/HDRP/Art/Meshes/Rocks/Materials/MI_Buildings_Inst6.mat using Guid(1f620b0ffec57a44784449e0d81a840e) Importer(815301076,1909f56bfc062723c751e8b465ee728b) (PreviewImporter) -> (artifact id: '46b04330057f5dcf4c9857e847fe3952') in 0.0155553 seconds
Number of updated asset objects reloaded before import = 0Number of asset objects unloaded after import = 1

========================================================================
Received Import Request.
  Time since last request: 0.000026 seconds.
  path: Assets/Havid Stuff/LeartesStudios/AbandonedFactory/URP/Art/Meshes/Silo/Materials/MI_Buildings_Inst.mat
  artifactKey: Guid(5c6c25c14192b1444b0f56091e4079f4) Importer(815301076,1909f56bfc062723c751e8b465ee728b)
Start importing Assets/Havid Stuff/LeartesStudios/AbandonedFactory/URP/Art/Meshes/Silo/Materials/MI_Buildings_Inst.mat using Guid(5c6c25c14192b1444b0f56091e4079f4) Importer(815301076,1909f56bfc062723c751e8b465ee728b) (PreviewImporter) -> (artifact id: '75a8d1548a57019b1de6c8c50e435eb2') in 0.0107115 seconds
Number of updated asset objects reloaded before import = 0Number of asset objects unloaded after import = 1

========================================================================
Received Import Request.
  Time since last request: 0.000031 seconds.
  path: Assets/Havid Stuff/LeartesStudios/AbandonedFactory/HDRP/Art/Meshes/CableSpool/Materials/MI_CableSpool.mat
  artifactKey: Guid(4f7f7eef23ef1a34bacb39a78abb5cfc) Importer(815301076,1909f56bfc062723c751e8b465ee728b)
Start importing Assets/Havid Stuff/LeartesStudios/AbandonedFactory/HDRP/Art/Meshes/CableSpool/Materials/MI_CableSpool.mat using Guid(4f7f7eef23ef1a34bacb39a78abb5cfc) Importer(815301076,1909f56bfc062723c751e8b465ee728b) (PreviewImporter) -> (artifact id: '10d203c7cc3e658dc34ce84ecf297b32') in 0.0188022 seconds
Number of updated asset objects reloaded before import = 0Number of asset objects unloaded after import = 1

========================================================================
Received Import Request.
  Time since last request: 0.000046 seconds.
  path: Assets/Havid Stuff/LeartesStudios/AbandonedFactory/URP/Art/Meshes/fireHydrant/Materials/MI_FireHydrant.mat
  artifactKey: Guid(b9f3cbf228e3a8d4789114ae9a5ab032) Importer(815301076,1909f56bfc062723c751e8b465ee728b)
Start importing Assets/Havid Stuff/LeartesStudios/AbandonedFactory/URP/Art/Meshes/fireHydrant/Materials/MI_FireHydrant.mat using Guid(b9f3cbf228e3a8d4789114ae9a5ab032) Importer(815301076,1909f56bfc062723c751e8b465ee728b) (PreviewImporter) -> (artifact id: '32d2ee563a973a390beb4b3ea791b688') in 0.010465 seconds
Number of updated asset objects reloaded before import = 0Number of asset objects unloaded after import = 1

========================================================================
Received Import Request.
  Time since last request: 0.000023 seconds.
  path: Assets/Havid Stuff/LeartesStudios/AbandonedFactory/URP/Art/Meshes/Plane/Materials/MI_Fog_2.mat
  artifactKey: Guid(59454303ceb5268409dbe2e8803bb5a1) Importer(815301076,1909f56bfc062723c751e8b465ee728b)
Start importing Assets/Havid Stuff/LeartesStudios/AbandonedFactory/URP/Art/Meshes/Plane/Materials/MI_Fog_2.mat using Guid(59454303ceb5268409dbe2e8803bb5a1) Importer(815301076,1909f56bfc062723c751e8b465ee728b) (PreviewImporter) -> (artifact id: '1410a32c1ae55c2ddd6d8908628ce176') in 0.0102992 seconds
Number of updated asset objects reloaded before import = 0Number of asset objects unloaded after import = 1

========================================================================
Received Import Request.
  Time since last request: 0.000023 seconds.
  path: Assets/Havid Stuff/LeartesStudios/AbandonedFactory/HDRP/Art/Meshes/ConeBarier/Materials/MI_CableSpool.mat
  artifactKey: Guid(d85a5b2440eee1c428c37e18159f1369) Importer(815301076,1909f56bfc062723c751e8b465ee728b)
Start importing Assets/Havid Stuff/LeartesStudios/AbandonedFactory/HDRP/Art/Meshes/ConeBarier/Materials/MI_CableSpool.mat using Guid(d85a5b2440eee1c428c37e18159f1369) Importer(815301076,1909f56bfc062723c751e8b465ee728b) (PreviewImporter) -> (artifact id: '16b21d90bf264c56f35dd20eba3c044d') in 0.0173013 seconds
Number of updated asset objects reloaded before import = 0Number of asset objects unloaded after import = 1

========================================================================
Received Import Request.
  Time since last request: 0.000035 seconds.
  path: Assets/Havid Stuff/LeartesStudios/AbandonedFactory/HDRP/Art/Meshes/Wall/Materials/MI_Door.mat
  artifactKey: Guid(da5517023b5646d4db2fe9fd5f384ad2) Importer(815301076,1909f56bfc062723c751e8b465ee728b)
Start importing Assets/Havid Stuff/LeartesStudios/AbandonedFactory/HDRP/Art/Meshes/Wall/Materials/MI_Door.mat using Guid(da5517023b5646d4db2fe9fd5f384ad2) Importer(815301076,1909f56bfc062723c751e8b465ee728b) (PreviewImporter) -> (artifact id: '80a54404745a9f05d86c209eb88dc913') in 0.0166826 seconds
Number of updated asset objects reloaded before import = 0Number of asset objects unloaded after import = 1

========================================================================
Received Import Request.
  Time since last request: 0.000033 seconds.
  path: Assets/Distant Lands/Outline Example 1 1.mat
  artifactKey: Guid(a24d20e6801134f42a9bbc70dc4ee447) Importer(815301076,1909f56bfc062723c751e8b465ee728b)
Start importing Assets/Distant Lands/Outline Example 1 1.mat using Guid(a24d20e6801134f42a9bbc70dc4ee447) Importer(815301076,1909f56bfc062723c751e8b465ee728b) (PreviewImporter) -> (artifact id: '7c8e4381cee1c60fa750da8834d5476e') in 0.0287535 seconds
Number of updated asset objects reloaded before import = 0Number of asset objects unloaded after import = 6

========================================================================
Received Import Request.
  Time since last request: 0.000024 seconds.
  path: Assets/Packages/Distant Lands/Illustrate - Stylized Toon Shader/Contents/Materials/Outline Example.mat
  artifactKey: Guid(ea288f3eaf0b1974ca52bef3c6c7aefe) Importer(815301076,1909f56bfc062723c751e8b465ee728b)
Start importing Assets/Packages/Distant Lands/Illustrate - Stylized Toon Shader/Contents/Materials/Outline Example.mat using Guid(ea288f3eaf0b1974ca52bef3c6c7aefe) Importer(815301076,1909f56bfc062723c751e8b465ee728b) (PreviewImporter) -> (artifact id: 'ab5269a1ef62a9bf63f91d27920144da') in 0.0339217 seconds
Number of updated asset objects reloaded before import = 0Number of asset objects unloaded after import = 5

Editor requested this worker to shutdown with reason: Scaling down because of idle timeout
AssetImportWorker is now disconnected from the server
Process exiting
Exiting without the bug reporter. Application will terminate with return code 0