
=== Thu Jan 23 14:58:07 2025

Packages were changed.
Update Mode: updateDependencies

The following packages were updated:
  com.unity.visualeffectgraph from version 14.0.8 to 17.0.3

=== Tue Feb  4 09:42:08 2025

Packages were changed.
Update Mode: updateDependencies

The following packages were updated:
  com.unity.collab-proxy from version 2.5.2 to 2.6.0
  com.unity.visualscripting from version 1.9.4 to 1.9.5

=== Tue Feb  4 16:29:26 2025

Packages were changed.
Update Mode: updateDependencies

The following packages were updated:
  com.unity.shadergraph from version 14.0.9 to 17.0.3

=== Sat May  3 16:52:57 2025

Packages were changed.
Update Mode: updateDependencies

The following packages were updated:
  com.unity.ai.navigation from version 2.0.5 to 2.0.7
  com.unity.collab-proxy from version 2.6.0 to 2.7.1
  com.unity.ide.rider from version 3.0.31 to 3.0.36
  com.unity.ide.visualstudio from version 2.0.22 to 2.0.23
  com.unity.inputsystem from version 1.11.2 to 1.14.0
  com.unity.render-pipelines.universal from version 17.0.3 to 17.0.4
  com.unity.shadergraph from version 17.0.3 to 17.0.4
  com.unity.terrain-tools from version 5.1.2 to 5.2.1
  com.unity.test-framework from version 1.4.5 to 1.5.1
  com.unity.visualeffectgraph from version 17.0.3 to 17.0.4
  com.unity.visualscripting from version 1.9.5 to 1.9.6
